Using pre-set license
Built from '2020.3/staging' branch; Version is '2020.3.20f1 (41c4e627c95f) revision 4310246'; Using compiler version '192528614'; Build Type 'Release'
OS: 'Windows 10 Pro; OS build 19041.1237; Version 2004; 64bit' Language: 'ko' Physical Memory: 16300 MB
BatchMode: 1, IsHumanControllingUs: 0, StartBugReporterOnCrash: 0, Is64bit: 1, IsPro: 0

COMMAND LINE ARGUMENTS:
C:\Program Files\Unity\Hub\Editor\2020.3.20f1\Editor\Unity.exe
-adb2
-batchMode
-noUpm
-name
AssetImportWorker0
-projectPath
C:/Users/user/Unity/AR_Practice/AR_Face
-logFile
Logs/AssetImportWorker0.log
-srvPort
2179
Successfully changed project path to: C:/Users/user/Unity/AR_Practice/AR_Face
C:/Users/user/Unity/AR_Practice/AR_Face
Using Asset Import Pipeline V2.
Refreshing native plugins compatible for Editor in 41.30 ms, found 2 plugins.
Preloading 0 native plugins for Editor in 0.00 ms.
Initialize engine version: 2020.3.20f1 (41c4e627c95f)
[Subsystems] Discovering subsystems at path C:/Program Files/Unity/Hub/Editor/2020.3.20f1/Editor/Data/Resources/UnitySubsystems
[Subsystems] Discovering subsystems at path C:/Users/user/Unity/AR_Practice/AR_Face/Assets
GfxDevice: creating device client; threaded=0
Direct3D:
    Version:  Direct3D 11.0 [level 11.1]
    Renderer: NVIDIA GeForce GTX 1060 6GB (ID=0x1c06)
    Vendor:   
    VRAM:     6052 MB
    Driver:   27.21.14.5671
Initialize mono
Mono path[0] = 'C:/Program Files/Unity/Hub/Editor/2020.3.20f1/Editor/Data/Managed'
Mono path[1] = 'C:/Program Files/Unity/Hub/Editor/2020.3.20f1/Editor/Data/MonoBleedingEdge/lib/mono/unityjit'
Mono config path = 'C:/Program Files/Unity/Hub/Editor/2020.3.20f1/Editor/Data/MonoBleedingEdge/etc'
Using monoOptions --debugger-agent=transport=dt_socket,embedding=1,server=y,suspend=n,address=127.0.0.1:56084
Begin MonoManager ReloadAssembly
Registering precompiled unity dll's ...
Register platform support module: C:/Program Files/Unity/Hub/Editor/2020.3.20f1/Editor/Data/PlaybackEngines/WebGLSupport/UnityEditor.WebGL.Extensions.dll
Register platform support module: C:/Program Files/Unity/Hub/Editor/2020.3.20f1/Editor/Data/PlaybackEngines/WindowsStandaloneSupport/UnityEditor.WindowsStandalone.Extensions.dll
Registered in 0.002939 seconds.
Native extension for WindowsStandalone target not found
Native extension for WebGL target not found
Refreshing native plugins compatible for Editor in 38.78 ms, found 2 plugins.
Preloading 0 native plugins for Editor in 0.00 ms.
Mono: successfully reloaded assembly
- Completed reload, in  2.203 seconds
Domain Reload Profiling:
	ReloadAssembly (2203ms)
		BeginReloadAssembly (68ms)
			ExecutionOrderSort (0ms)
			DisableScriptedObjects (0ms)
			BackupInstance (0ms)
			ReleaseScriptingObjects (0ms)
			CreateAndSetChildDomain (1ms)
		EndReloadAssembly (475ms)
			LoadAssemblies (65ms)
			RebuildTransferFunctionScriptingTraits (0ms)
			SetupTypeCache (187ms)
			ReleaseScriptCaches (0ms)
			RebuildScriptCaches (30ms)
			SetupLoadedEditorAssemblies (168ms)
				LogAssemblyErrors (0ms)
				InitializePlatformSupportModulesInManaged (6ms)
				SetLoadedEditorAssemblies (0ms)
				RefreshPlugins (39ms)
				BeforeProcessingInitializeOnLoad (18ms)
				ProcessInitializeOnLoadAttributes (78ms)
				ProcessInitializeOnLoadMethodAttributes (27ms)
				AfterProcessingInitializeOnLoad (0ms)
				EditorAssembliesLoaded (1ms)
			ExecutionOrderSort2 (0ms)
			AwakeInstancesAfterBackupRestoration (0ms)
Platform modules already initialized, skipping
Registering precompiled user dll's ...
Registered in 0.003863 seconds.
Begin MonoManager ReloadAssembly
Native extension for WindowsStandalone target not found
Native extension for WebGL target not found
Refreshing native plugins compatible for Editor in 0.36 ms, found 2 plugins.
Preloading 0 native plugins for Editor in 0.00 ms.
Mono: successfully reloaded assembly
- Completed reload, in  1.115 seconds
Domain Reload Profiling:
	ReloadAssembly (1116ms)
		BeginReloadAssembly (148ms)
			ExecutionOrderSort (0ms)
			DisableScriptedObjects (4ms)
			BackupInstance (0ms)
			ReleaseScriptingObjects (0ms)
			CreateAndSetChildDomain (17ms)
		EndReloadAssembly (904ms)
			LoadAssemblies (99ms)
			RebuildTransferFunctionScriptingTraits (0ms)
			SetupTypeCache (341ms)
			ReleaseScriptCaches (0ms)
			RebuildScriptCaches (43ms)
			SetupLoadedEditorAssemblies (328ms)
				LogAssemblyErrors (0ms)
				InitializePlatformSupportModulesInManaged (6ms)
				SetLoadedEditorAssemblies (0ms)
				RefreshPlugins (0ms)
				BeforeProcessingInitializeOnLoad (97ms)
				ProcessInitializeOnLoadAttributes (213ms)
				ProcessInitializeOnLoadMethodAttributes (4ms)
				AfterProcessingInitializeOnLoad (7ms)
				EditorAssembliesLoaded (0ms)
			ExecutionOrderSort2 (0ms)
			AwakeInstancesAfterBackupRestoration (7ms)
Platform modules already initialized, skipping
========================================================================
Worker process is ready to serve import requests
Launched and connected shader compiler UnityShaderCompiler.exe after 0.08 seconds
Refreshing native plugins compatible for Editor in 0.36 ms, found 2 plugins.
Preloading 0 native plugins for Editor in 0.00 ms.
Unloading 1746 Unused Serialized files (Serialized files now loaded: 0)
System memory in use before: 79.0 MB.
System memory in use after: 79.1 MB.

Unloading 18 unused Assets to reduce memory usage. Loaded Objects now: 2181.
Total: 2.753000 ms (FindLiveObjects: 0.159300 ms CreateObjectMapping: 0.053000 ms MarkObjects: 2.469500 ms  DeleteObjects: 0.070300 ms)

AssetImportParameters requested are different than current active one (requested -> active):
  custom:framework-win-MediaFoundation: 216162199b28c13a410421893ffa2e32 -> 
  custom:video-decoder-ogg-theora: a1e56fd34408186e4bbccfd4996cb3dc -> 
  custom:container-muxer-webm: aa71ff27fc2769a1b78a27578f13a17b -> 
  custom:container-demuxer-webm: 4f35f7cbe854078d1ac9338744f61a02 -> 
  custom:container-demuxer-ogg: 62fdf1f143b41e24485cea50d1cbac27 -> 
  custom:video-encoder-webm-vp8: eb34c28f22e8b96e1ab97ce403110664 -> 
  custom:video-decoder-webm-vp8: 9c59270c3fd7afecdb556c50c9e8de78 -> 
  custom:audio-decoder-ogg-vorbis: bf7c407c2cedff20999df2af8eb42d56 -> 
  custom:audio-encoder-webm-vorbis: bf7c407c2cedff20999df2af8eb42d56 -> 
========================================================================
Received Import Request.
  path: Assets/Script/ARFaceSwitch.cs
  artifactKey: Guid(017e995374d46c24aad2598a6bb4e1f1) Importer(815301076,1909f56bfc062723c751e8b465ee728b)
Start importing Assets/Script/ARFaceSwitch.cs using Guid(017e995374d46c24aad2598a6bb4e1f1) Importer(815301076,1909f56bfc062723c751e8b465ee728b)  -> (artifact id: 'a1e6c7b271501069bcc61ff3dc340381') in 0.047281 seconds 
  Import took 0.049913 seconds .

========================================================================
Received Import Request.
  Time since last request: 10.965082 seconds.
  path: Assets/Script/ARFaceSwitch.cs
  artifactKey: Guid(017e995374d46c24aad2598a6bb4e1f1) Importer(815301076,1909f56bfc062723c751e8b465ee728b)
Start importing Assets/Script/ARFaceSwitch.cs using Guid(017e995374d46c24aad2598a6bb4e1f1) Importer(815301076,1909f56bfc062723c751e8b465ee728b)  -> (artifact id: '3603057ad94a5933d6ff4d900ad48144') in 0.002898 seconds 
  Import took 0.005655 seconds .

========================================================================
Received Import Request.
  Time since last request: 14.367661 seconds.
  path: Assets/Script/ARFaceSwitch.cs
  artifactKey: Guid(017e995374d46c24aad2598a6bb4e1f1) Importer(815301076,1909f56bfc062723c751e8b465ee728b)
Start importing Assets/Script/ARFaceSwitch.cs using Guid(017e995374d46c24aad2598a6bb4e1f1) Importer(815301076,1909f56bfc062723c751e8b465ee728b)  -> (artifact id: 'b04e2d669b851160a33373a552c72d7e') in 0.003862 seconds 
  Import took 0.006688 seconds .

========================================================================
Received Import Request.
  Time since last request: 8.743641 seconds.
  path: Assets/Script/ARFaceSwitch.cs
  artifactKey: Guid(017e995374d46c24aad2598a6bb4e1f1) Importer(815301076,1909f56bfc062723c751e8b465ee728b)
Start importing Assets/Script/ARFaceSwitch.cs using Guid(017e995374d46c24aad2598a6bb4e1f1) Importer(815301076,1909f56bfc062723c751e8b465ee728b)  -> (artifact id: 'c914c77aca34aed534b54d43e097d4d9') in 0.006581 seconds 
  Import took 0.009208 seconds .

========================================================================
Received Import Request.
  Time since last request: 14.082196 seconds.
  path: Assets/Script/ARFaceSwitch.cs
  artifactKey: Guid(017e995374d46c24aad2598a6bb4e1f1) Importer(815301076,1909f56bfc062723c751e8b465ee728b)
Start importing Assets/Script/ARFaceSwitch.cs using Guid(017e995374d46c24aad2598a6bb4e1f1) Importer(815301076,1909f56bfc062723c751e8b465ee728b)  -> (artifact id: '669d00c737238a22404c5cd7928519aa') in 0.003701 seconds 
  Import took 0.006541 seconds .

========================================================================
Received Import Request.
  Time since last request: 1.451253 seconds.
  path: Assets/Script/ARFaceSwitch.cs
  artifactKey: Guid(017e995374d46c24aad2598a6bb4e1f1) Importer(815301076,1909f56bfc062723c751e8b465ee728b)
Start importing Assets/Script/ARFaceSwitch.cs using Guid(017e995374d46c24aad2598a6bb4e1f1) Importer(815301076,1909f56bfc062723c751e8b465ee728b)  -> (artifact id: '5086900dcc06745e935d24bd77ba8837') in 0.004152 seconds 
  Import took 0.007219 seconds .

========================================================================
Received Import Request.
  Time since last request: 16.861620 seconds.
  path: Assets/Script/ARFaceSwitch.cs
  artifactKey: Guid(017e995374d46c24aad2598a6bb4e1f1) Importer(815301076,1909f56bfc062723c751e8b465ee728b)
Start importing Assets/Script/ARFaceSwitch.cs using Guid(017e995374d46c24aad2598a6bb4e1f1) Importer(815301076,1909f56bfc062723c751e8b465ee728b)  -> (artifact id: 'c1b78b79c53c2ea7267dfeb99dfcfbc7') in 0.003148 seconds 
  Import took 0.006115 seconds .

========================================================================
Received Import Request.
  Time since last request: 60.796417 seconds.
  path: Assets/Script/ARFaceSwitch.cs
  artifactKey: Guid(017e995374d46c24aad2598a6bb4e1f1) Importer(815301076,1909f56bfc062723c751e8b465ee728b)
Start importing Assets/Script/ARFaceSwitch.cs using Guid(017e995374d46c24aad2598a6bb4e1f1) Importer(815301076,1909f56bfc062723c751e8b465ee728b)  -> (artifact id: '5b578765811a41a87cd8b64857787f86') in 0.003156 seconds 
  Import took 0.006342 seconds .

========================================================================
Received Import Request.
  Time since last request: 40.912465 seconds.
  path: Assets/Script/ARFaceSwitch.cs
  artifactKey: Guid(017e995374d46c24aad2598a6bb4e1f1) Importer(815301076,1909f56bfc062723c751e8b465ee728b)
Start importing Assets/Script/ARFaceSwitch.cs using Guid(017e995374d46c24aad2598a6bb4e1f1) Importer(815301076,1909f56bfc062723c751e8b465ee728b)  -> (artifact id: 'e2d8f76a885d9d0e48154157345c7996') in 0.003351 seconds 
  Import took 0.006630 seconds .

========================================================================
Received Import Request.
  Time since last request: 67.866411 seconds.
  path: Assets/Script/ARFaceSwitch.cs
  artifactKey: Guid(017e995374d46c24aad2598a6bb4e1f1) Importer(815301076,1909f56bfc062723c751e8b465ee728b)
Start importing Assets/Script/ARFaceSwitch.cs using Guid(017e995374d46c24aad2598a6bb4e1f1) Importer(815301076,1909f56bfc062723c751e8b465ee728b)  -> (artifact id: 'f63f7220dd58cd0813ddcc2f52c92e62') in 0.002396 seconds 
  Import took 0.005051 seconds .

========================================================================
Received Import Request.
  Time since last request: 34.941553 seconds.
  path: Assets/Script/ARFaceSwitch.cs
  artifactKey: Guid(017e995374d46c24aad2598a6bb4e1f1) Importer(815301076,1909f56bfc062723c751e8b465ee728b)
Start importing Assets/Script/ARFaceSwitch.cs using Guid(017e995374d46c24aad2598a6bb4e1f1) Importer(815301076,1909f56bfc062723c751e8b465ee728b)  -> (artifact id: '6d30bf83499bc9f6ba2b2c554f13492f') in 0.002941 seconds 
  Import took 0.005650 seconds .

========================================================================
Received Import Request.
  Time since last request: 77.937043 seconds.
  path: Assets/Script/ARFaceSwitch.cs
  artifactKey: Guid(017e995374d46c24aad2598a6bb4e1f1) Importer(815301076,1909f56bfc062723c751e8b465ee728b)
Start importing Assets/Script/ARFaceSwitch.cs using Guid(017e995374d46c24aad2598a6bb4e1f1) Importer(815301076,1909f56bfc062723c751e8b465ee728b)  -> (artifact id: '7f07228b3cd3a77687c86bfe2f2ab4fa') in 0.003120 seconds 
  Import took 0.005942 seconds .

========================================================================
Received Prepare
Registering precompiled user dll's ...
Registered in 0.003604 seconds.
Begin MonoManager ReloadAssembly
Native extension for WindowsStandalone target not found
Native extension for WebGL target not found
Refreshing native plugins compatible for Editor in 0.35 ms, found 2 plugins.
Preloading 0 native plugins for Editor in 0.00 ms.
Mono: successfully reloaded assembly
- Completed reload, in  0.975 seconds
Domain Reload Profiling:
	ReloadAssembly (976ms)
		BeginReloadAssembly (126ms)
			ExecutionOrderSort (0ms)
			DisableScriptedObjects (4ms)
			BackupInstance (0ms)
			ReleaseScriptingObjects (0ms)
			CreateAndSetChildDomain (31ms)
		EndReloadAssembly (784ms)
			LoadAssemblies (101ms)
			RebuildTransferFunctionScriptingTraits (0ms)
			SetupTypeCache (259ms)
			ReleaseScriptCaches (1ms)
			RebuildScriptCaches (35ms)
			SetupLoadedEditorAssemblies (297ms)
				LogAssemblyErrors (0ms)
				InitializePlatformSupportModulesInManaged (6ms)
				SetLoadedEditorAssemblies (0ms)
				RefreshPlugins (0ms)
				BeforeProcessingInitializeOnLoad (91ms)
				ProcessInitializeOnLoadAttributes (188ms)
				ProcessInitializeOnLoadMethodAttributes (3ms)
				AfterProcessingInitializeOnLoad (8ms)
				EditorAssembliesLoaded (0ms)
			ExecutionOrderSort2 (0ms)
			AwakeInstancesAfterBackupRestoration (6ms)
Platform modules already initialized, skipping
Switching build target platform(19) subTarget(0) extendedPlatform(0) -> platform(13) subTarget(524288) extendedPlatform(0)
Refreshing native plugins compatible for Editor in 0.35 ms, found 2 plugins.
Preloading 0 native plugins for Editor in 0.00 ms.
Unloading 1739 Unused Serialized files (Serialized files now loaded: 0)
System memory in use before: 78.6 MB.
System memory in use after: 78.7 MB.

Unloading 13 unused Assets to reduce memory usage. Loaded Objects now: 2184.
Total: 2.798400 ms (FindLiveObjects: 0.136400 ms CreateObjectMapping: 0.048200 ms MarkObjects: 2.581500 ms  DeleteObjects: 0.031400 ms)

AssetImportParameters requested are different than current active one (requested -> active):
  custom:framework-win-MediaFoundation: 216162199b28c13a410421893ffa2e32 -> 
  custom:video-decoder-ogg-theora: a1e56fd34408186e4bbccfd4996cb3dc -> 
  custom:container-muxer-webm: aa71ff27fc2769a1b78a27578f13a17b -> 
  custom:container-demuxer-webm: 4f35f7cbe854078d1ac9338744f61a02 -> 
  custom:container-demuxer-ogg: 62fdf1f143b41e24485cea50d1cbac27 -> 
  custom:video-encoder-webm-vp8: eb34c28f22e8b96e1ab97ce403110664 -> 
  custom:video-decoder-webm-vp8: 9c59270c3fd7afecdb556c50c9e8de78 -> 
  custom:graphics/normal-map-encoding: 01000000000000000000000000000000 -> 02000000000000000000000000000000
  custom:audio-decoder-ogg-vorbis: bf7c407c2cedff20999df2af8eb42d56 -> 
  custom:audio-encoder-webm-vorbis: bf7c407c2cedff20999df2af8eb42d56 -> 
========================================================================
Received Import Request.
  Time since last request: 40.426845 seconds.
  path: Assets/XR/XRGeneralSettings.asset
  artifactKey: Guid(edbfbeb3fc5995e49ae0a5a6e3424fbe) Importer(815301076,1909f56bfc062723c751e8b465ee728b)
Start importing Assets/XR/XRGeneralSettings.asset using Guid(edbfbeb3fc5995e49ae0a5a6e3424fbe) Importer(815301076,1909f56bfc062723c751e8b465ee728b)  -> (artifact id: 'e82ee2f1eed4ffca21893c3eb47a4afa') in 0.025976 seconds 
  Import took 0.028879 seconds .

========================================================================
Received Import Request.
  Time since last request: 1.726448 seconds.
  path: Assets/XR/Loaders/AR Core Loader.asset
  artifactKey: Guid(76fe5ea11a4a0f94a9527111a7d5f850) Importer(815301076,1909f56bfc062723c751e8b465ee728b)
Start importing Assets/XR/Loaders/AR Core Loader.asset using Guid(76fe5ea11a4a0f94a9527111a7d5f850) Importer(815301076,1909f56bfc062723c751e8b465ee728b)  -> (artifact id: 'b7034674508f1ad08bc7f4d168318548') in 0.006513 seconds 
  Import took 0.009262 seconds .

========================================================================
Received Import Request.
  Time since last request: 0.454605 seconds.
  path: Assets/XR/Settings/AR Core Settings.asset
  artifactKey: Guid(2fc7df4f7494daa44a7159cd44c3a771) Importer(815301076,1909f56bfc062723c751e8b465ee728b)
Start importing Assets/XR/Settings/AR Core Settings.asset using Guid(2fc7df4f7494daa44a7159cd44c3a771) Importer(815301076,1909f56bfc062723c751e8b465ee728b)  -> (artifact id: 'c9a150e55d419ba6ea4dead3ff360f40') in 0.006612 seconds 
  Import took 0.009322 seconds .

========================================================================
Received Import Request.
  Time since last request: 0.956305 seconds.
  path: Packages/com.unity.xr.arfoundation/Materials/DebugFace.mat
  artifactKey: Guid(35bd980c8f2234e3d8b640e25a677d65) Importer(815301076,1909f56bfc062723c751e8b465ee728b)
Start importing Packages/com.unity.xr.arfoundation/Materials/DebugFace.mat using Guid(35bd980c8f2234e3d8b640e25a677d65) Importer(815301076,1909f56bfc062723c751e8b465ee728b)  -> (artifact id: 'b775d5240a537cadaa102879a9b59061') in 0.226076 seconds 
  Import took 0.228953 seconds .

========================================================================
Received Import Request.
  Time since last request: 0.000256 seconds.
  path: Packages/com.unity.xr.arfoundation/Materials/DebugPlane.mat
  artifactKey: Guid(f1a110d32af21aa4d872c707dfcc6043) Importer(815301076,1909f56bfc062723c751e8b465ee728b)
Start importing Packages/com.unity.xr.arfoundation/Materials/DebugPlane.mat using Guid(f1a110d32af21aa4d872c707dfcc6043) Importer(815301076,1909f56bfc062723c751e8b465ee728b)  -> (artifact id: '867c37191734b83677301b6e336cd9ff') in 0.157117 seconds 
  Import took 0.159626 seconds .

AssetImportWorkerClient::OnTransportError - code=2 error=End of file
